\BOOKMARK [1][-]{section.1}{\376\377\000G\000e\000s\000t\000i\000o\000n\000\040\000d\000e\000\040\000l\000a\000\040\000M\000\351\000m\000o\000i\000r\000e}{}% 1
\BOOKMARK [2][-]{subsection.1.1}{\376\377\000M\000\351\000m\000o\000i\000r\000e\000\040\000d\040\031\000u\000n\000\040\000p\000r\000o\000g\000r\000a\000m\000m\000e}{section.1}% 2
\BOOKMARK [3][-]{subsubsection.1.1.1}{\376\377\000P\000i\000l\000e\000\040\000\050\000S\000t\000a\000c\000k\000\051}{subsection.1.1}% 3
\BOOKMARK [3][-]{subsubsection.1.1.2}{\376\377\000T\000a\000s\000\040\000\050\000H\000e\000a\000p\000\051}{subsection.1.1}% 4
\BOOKMARK [2][-]{subsection.1.2}{\376\377\000A\000l\000l\000o\000c\000a\000t\000i\000o\000n\000\040\000d\000e\000\040\000m\000\351\000m\000o\000i\000r\000e}{section.1}% 5
\BOOKMARK [3][-]{subsubsection.1.2.1}{\376\377\000m\000a\000l\000l\000o\000c\000\050\000\051}{subsection.1.2}% 6
\BOOKMARK [3][-]{subsubsection.1.2.2}{\376\377\000c\000a\000l\000l\000o\000c\000\050\000\051}{subsection.1.2}% 7
\BOOKMARK [3][-]{subsubsection.1.2.3}{\376\377\000r\000e\000a\000l\000l\000o\000c\000\050\000\051}{subsection.1.2}% 8
\BOOKMARK [2][-]{subsection.1.3}{\376\377\000C\000o\000n\000n\000a\000\356\000t\000r\000e\000\040\000l\000a\000\040\000t\000a\000i\000l\000l\000e\000\040\000d\040\031\000u\000n\000\040\000t\000y\000p\000e}{section.1}% 9
\BOOKMARK [2][-]{subsection.1.4}{\376\377\000M\000a\000n\000i\000p\000u\000l\000a\000t\000i\000o\000n\000\040\000d\000e\000\040\000p\000o\000i\000n\000t\000e\000u\000r\000s}{section.1}% 10
\BOOKMARK [2][-]{subsection.1.5}{\376\377\000G\000e\000s\000t\000i\000o\000n\000\040\000d\000e\000\040\000l\000a\000\040\000m\000\351\000m\000o\000i\000r\000e\000\040\000d\000y\000n\000a\000m\000i\000q\000u\000e}{section.1}% 11
\BOOKMARK [3][-]{subsubsection.1.5.1}{\376\377\000A\000l\000l\000o\000c\000a\000t\000i\000o\000n\000\040\000s\000i\000m\000p\000l\000e}{subsection.1.5}% 12
\BOOKMARK [3][-]{subsubsection.1.5.2}{\376\377\000L\000i\000b\000\351\000r\000a\000t\000i\000o\000n\000\040\000d\000e\000\040\000m\000\351\000m\000o\000i\000r\000e}{subsection.1.5}% 13
\BOOKMARK [2][-]{subsection.1.6}{\376\377\000T\000a\000b\000l\000e\000a\000u\000x\000\040\000D\000y\000n\000a\000m\000i\000q\000u\000e\000s}{section.1}% 14
\BOOKMARK [3][-]{subsubsection.1.6.1}{\376\377\000T\000a\000b\000l\000e\000a\000u\000\040\000\340\000\040\000u\000n\000e\000\040\000d\000i\000m\000e\000n\000s\000i\000o\000n}{subsection.1.6}% 15
\BOOKMARK [3][-]{subsubsection.1.6.2}{\376\377\000T\000a\000b\000l\000e\000a\000u\000\040\000\340\000\040\000d\000e\000u\000x\000\040\000d\000i\000m\000e\000n\000s\000i\000o\000n\000s}{subsection.1.6}% 16
\BOOKMARK [3][-]{subsubsection.1.6.3}{\376\377\000L\000i\000b\000\351\000r\000a\000t\000i\000o\000n\000\040\000d\040\031\000u\000n\000\040\000t\000a\000b\000l\000e\000a\000u\000\040\0002\000D}{subsection.1.6}% 17
\BOOKMARK [2][-]{subsection.1.7}{\376\377\000A\000l\000l\000o\000c\000a\000t\000i\000o\000n\000\040\000D\000y\000n\000a\000m\000i\000q\000u\000e\000\040\000d\000e\000\040\000s\000t\000r\000u\000c\000t}{section.1}% 18
\BOOKMARK [1][-]{section.2}{\376\377\000E\000n\000t\000r\000\351\000e\000s\000-\000S\000o\000r\000t\000i\000e\000s\000:\000\040\000S\000t\000d\000i\000o\000.\000h}{}% 19
\BOOKMARK [2][-]{subsection.2.1}{\376\377\000M\000a\000n\000i\000p\000u\000l\000a\000t\000i\000o\000n\000\040\000d\000e\000\040\000f\000i\000c\000h\000i\000e\000r\000s}{section.2}% 20
\BOOKMARK [2][-]{subsection.2.2}{\376\377\000O\000u\000v\000e\000r\000t\000u\000r\000e\000\040\000d\000e\000\040\000f\000i\000c\000h\000i\000e\000r}{section.2}% 21
\BOOKMARK [3][-]{subsubsection.2.2.1}{\376\377\000L\000e\000\040\000t\000y\000p\000e\000\040\000F\000I\000L\000E\000\040\000*}{subsection.2.2}% 22
\BOOKMARK [3][-]{subsubsection.2.2.2}{\376\377\000O\000u\000v\000e\000r\000t\000u\000r\000e\000\040\000a\000v\000e\000c\000\040\000f\000o\000p\000e\000n\000\050\000\051}{subsection.2.2}% 23
\BOOKMARK [3][-]{subsubsection.2.2.3}{\376\377\000M\000o\000d\000e\000s\000\040\000d\040\031\000o\000u\000v\000e\000r\000t\000u\000r\000e}{subsection.2.2}% 24
\BOOKMARK [3][-]{subsubsection.2.2.4}{\376\377\000\311\000c\000h\000e\000c\000\040\000d\000e\000\040\000f\000o\000p\000e\000n\000\050\000\051}{subsection.2.2}% 25
\BOOKMARK [3][-]{subsubsection.2.2.5}{\376\377\000E\000x\000e\000m\000p\000l\000e\000\040\000d\000'\000o\000u\000v\000e\000r\000t\000u\000r\000e\000\040\000d\000e\000\040\000f\000i\000c\000h\000i\000e\000r}{subsection.2.2}% 26
\BOOKMARK [2][-]{subsection.2.3}{\376\377\000F\000e\000r\000m\000e\000t\000u\000r\000e\000\040\000d\000u\000\040\000f\000i\000c\000h\000i\000e\000r}{section.2}% 27
\BOOKMARK [2][-]{subsection.2.4}{\376\377\000\311\000c\000r\000i\000t\000u\000r\000e\000s\000\040\000d\000a\000n\000s\000\040\000l\000e\000s\000\040\000f\000i\000c\000h\000i\000e\000r\000s}{section.2}% 28
\BOOKMARK [3][-]{subsubsection.2.4.1}{\376\377\000F\000o\000n\000c\000t\000i\000o\000n\000\040\000f\000p\000r\000i\000n\000t\000f\000\050\000\051}{subsection.2.4}% 29
\BOOKMARK [3][-]{subsubsection.2.4.2}{\376\377\000f\000p\000u\000t\000c\000\050\000\051}{subsection.2.4}% 30
\BOOKMARK [3][-]{subsubsection.2.4.3}{\376\377\000f\000p\000u\000t\000s\000\050\000\051}{subsection.2.4}% 31
\BOOKMARK [3][-]{subsubsection.2.4.4}{\376\377\000f\000w\000r\000i\000t\000e\000\050\000\051}{subsection.2.4}% 32
\BOOKMARK [2][-]{subsection.2.5}{\376\377\000L\000e\000c\000t\000u\000r\000e\000\040\000d\000e\000p\000u\000i\000s\000\040\000u\000n\000\040\000f\000i\000c\000h\000i\000e\000r}{section.2}% 33
\BOOKMARK [3][-]{subsubsection.2.5.1}{\376\377\000f\000s\000c\000a\000n\000f\000\050\000\051}{subsection.2.5}% 34
\BOOKMARK [3][-]{subsubsection.2.5.2}{\376\377\000f\000g\000e\000t\000c\000\050\000\051}{subsection.2.5}% 35
\BOOKMARK [3][-]{subsubsection.2.5.3}{\376\377\000f\000g\000e\000t\000s\000\050\000\051}{subsection.2.5}% 36
\BOOKMARK [3][-]{subsubsection.2.5.4}{\376\377\000f\000r\000e\000a\000d\000\050\000\051}{subsection.2.5}% 37
\BOOKMARK [2][-]{subsection.2.6}{\376\377\000D\000\351\000p\000l\000a\000c\000e\000m\000e\000n\000t\000\040\000d\000a\000n\000s\000\040\000u\000n\000\040\000f\000i\000c\000h\000i\000e\000r}{section.2}% 38
\BOOKMARK [3][-]{subsubsection.2.6.1}{\376\377\000f\000t\000e\000l\000l\000\050\000\051}{subsection.2.6}% 39
\BOOKMARK [3][-]{subsubsection.2.6.2}{\376\377\000f\000s\000e\000e\000k\000\050\000\051}{subsection.2.6}% 40
\BOOKMARK [2][-]{subsection.2.7}{\376\377\000A\000u\000t\000r\000e\000s\000\040\000f\000o\000n\000c\000t\000i\000o\000n\000s\000\040\000u\000t\000i\000l\000e\000s}{section.2}% 41
\BOOKMARK [3][-]{subsubsection.2.7.1}{\376\377\000f\000f\000l\000u\000s\000h\000\050\000\051}{subsection.2.7}% 42
\BOOKMARK [3][-]{subsubsection.2.7.2}{\376\377\000f\000e\000o\000f\000\050\000\051}{subsection.2.7}% 43
\BOOKMARK [1][-]{section.3}{\376\377\000E\000n\000t\000r\000\351\000e\000s\000-\000S\000o\000r\000t\000i\000e\000s\000\040\000\050\000s\000u\000i\000t\000e\000\051}{}% 44
\BOOKMARK [2][-]{subsection.3.1}{\376\377\000M\000a\000n\000i\000p\000u\000l\000a\000t\000i\000o\000n\000\040\000e\000x\000t\000e\000r\000n\000e\000\040\000d\000e\000\040\000f\000i\000c\000h\000i\000e\000r\000s}{section.3}% 45
\BOOKMARK [3][-]{subsubsection.3.1.1}{\376\377\000S\000u\000p\000p\000r\000e\000s\000s\000i\000o\000n\000\040\000d\000e\000\040\000f\000i\000c\000h\000i\000e\000r\000s}{subsection.3.1}% 46
\BOOKMARK [3][-]{subsubsection.3.1.2}{\376\377\000R\000e\000n\000o\000m\000m\000a\000g\000e\000\040\000d\000e\000\040\000f\000i\000c\000h\000i\000e\000r}{subsection.3.1}% 47
\BOOKMARK [3][-]{subsubsection.3.1.3}{\376\377\000C\000r\000\351\000a\000t\000i\000o\000n\000\040\000d\000e\000\040\000f\000i\000c\000h\000i\000e\000r\000\040\000t\000e\000m\000p\000o\000r\000a\000i\000r\000e}{subsection.3.1}% 48
\BOOKMARK [2][-]{subsection.3.2}{\376\377\000F\000o\000n\000c\000t\000i\000o\000n\000s\000\040\000s\000s\000c\000a\000n\000f\000,\000\040\000s\000p\000r\000i\000n\000t\000f\000,\000\040\000e\000t\000\040\000V\000a\000r\000i\000a\000n\000t\000e\000s}{section.3}% 49
\BOOKMARK [3][-]{subsubsection.3.2.1}{\376\377\000L\000e\000c\000t\000u\000r\000e\000\040\000d\000e\000p\000u\000i\000s\000\040\000u\000n\000e\000\040\000c\000h\000a\000\356\000n\000e\000\040\000d\000e\000\040\000c\000a\000r\000a\000c\000t\000\350\000r\000e\000s\000\040\000:\000\040\000s\000s\000c\000a\000n\000f}{subsection.3.2}% 50
\BOOKMARK [3][-]{subsubsection.3.2.2}{\376\377\000\311\000c\000r\000i\000t\000u\000r\000e\000\040\000d\000a\000n\000s\000\040\000u\000n\000e\000\040\000c\000h\000a\000\356\000n\000e\000\040\000d\000e\000\040\000c\000a\000r\000a\000c\000t\000\350\000r\000e\000s\000\040\000:\000\040\000s\000p\000r\000i\000n\000t\000f}{subsection.3.2}% 51
\BOOKMARK [2][-]{subsection.3.3}{\376\377\000F\000o\000n\000c\000t\000i\000o\000n\000s\000\040\000V\000a\000r\000i\000a\000d\000i\000q\000u\000e\000s}{section.3}% 52
\BOOKMARK [3][-]{subsubsection.3.3.1}{\376\377\000S\000y\000n\000t\000a\000x\000e\000\040\000d\000'\000u\000n\000e\000\040\000f\000o\000n\000c\000t\000i\000o\000n\000\040\000v\000a\000r\000i\000a\000d\000i\000q\000u\000e}{subsection.3.3}% 53
\BOOKMARK [3][-]{subsubsection.3.3.2}{\376\377\000U\000t\000i\000l\000i\000s\000a\000t\000i\000o\000n\000\040\000d\000e\000\040\000s\000t\000d\000a\000r\000g\000.\000h}{subsection.3.3}% 54
\BOOKMARK [2][-]{subsection.3.4}{\376\377\000F\000o\000n\000c\000t\000i\000o\000n\000s\000\040\000u\000t\000i\000l\000e\000s\000\040\000d\000e\000\040\000s\000t\000d\000l\000i\000b\000.\000h}{section.3}% 55
\BOOKMARK [3][-]{subsubsection.3.4.1}{\376\377\000F\000o\000n\000c\000t\000i\000o\000n\000\040\000e\000x\000i\000t}{subsection.3.4}% 56
\BOOKMARK [3][-]{subsubsection.3.4.2}{\376\377\000F\000o\000n\000c\000t\000i\000o\000n\000\040\000a\000b\000o\000r\000t}{subsection.3.4}% 57
\BOOKMARK [3][-]{subsubsection.3.4.3}{\376\377\000F\000o\000n\000c\000t\000i\000o\000n\000\040\000s\000y\000s\000t\000e\000m}{subsection.3.4}% 58
\BOOKMARK [1][-]{section.4}{\376\377\000P\000o\000i\000n\000t\000e\000u\000r\000s\000\040\000d\000e\000\040\000F\000o\000n\000c\000t\000i\000o\000n\000s\000\040\000e\000t\000\040\000U\000n\000i\000o\000n\000s}{}% 59
\BOOKMARK [2][-]{subsection.4.1}{\376\377\000P\000o\000i\000n\000t\000e\000u\000r\000s\000\040\000d\000e\000\040\000F\000o\000n\000c\000t\000i\000o\000n\000s}{section.4}% 60
\BOOKMARK [3][-]{subsubsection.4.1.1}{\376\377\000U\000t\000i\000l\000i\000s\000a\000t\000i\000o\000n\000\040\000d\000e\000s\000\040\000P\000o\000i\000n\000t\000e\000u\000r\000s\000\040\000d\000e\000\040\000F\000o\000n\000c\000t\000i\000o\000n\000s}{subsection.4.1}% 61
\BOOKMARK [3][-]{subsubsection.4.1.2}{\376\377\000S\000y\000n\000t\000a\000x\000e}{subsection.4.1}% 62
\BOOKMARK [3][-]{subsubsection.4.1.3}{\376\377\000U\000t\000i\000l\000i\000s\000a\000t\000i\000o\000n\000\040\000d\000'\000u\000n\000\040\000P\000o\000i\000n\000t\000e\000u\000r\000\040\000d\000e\000\040\000F\000o\000n\000c\000t\000i\000o\000n}{subsection.4.1}% 63
\BOOKMARK [3][-]{subsubsection.4.1.4}{\376\377\000R\000e\000m\000a\000r\000q\000u\000e\000s}{subsection.4.1}% 64
\BOOKMARK [3][-]{subsubsection.4.1.5}{\376\377\000E\000x\000e\000m\000p\000l\000e\000\040\000:\000\040\000F\000o\000n\000c\000t\000i\000o\000n\000\040\000d\000e\000\040\000C\000o\000m\000p\000a\000r\000a\000i\000s\000o\000n}{subsection.4.1}% 65
\BOOKMARK [3][-]{subsubsection.4.1.6}{\376\377\000F\000o\000n\000c\000t\000i\000o\000n\000\040\000q\000s\000o\000r\000t\000\040\000d\000e\000\040\000s\000t\000d\000l\000i\000b}{subsection.4.1}% 66
\BOOKMARK [3][-]{subsubsection.4.1.7}{\376\377\000U\000t\000i\000l\000i\000s\000a\000t\000i\000o\000n\000\040\000d\000e\000\040\000q\000s\000o\000r\000t}{subsection.4.1}% 67
\BOOKMARK [2][-]{subsection.4.2}{\376\377\000U\000n\000i\000o\000n\000s}{section.4}% 68
\BOOKMARK [3][-]{subsubsection.4.2.1}{\376\377\000D\000\351\000c\000l\000a\000r\000a\000t\000i\000o\000n}{subsection.4.2}% 69
\BOOKMARK [3][-]{subsubsection.4.2.2}{\376\377\000I\000n\000s\000t\000a\000n\000c\000i\000a\000t\000i\000o\000n}{subsection.4.2}% 70
\BOOKMARK [3][-]{subsubsection.4.2.3}{\376\377\000U\000n\000i\000o\000n\000s\000\040\000C\000o\000m\000p\000l\000e\000x\000e\000s}{subsection.4.2}% 71
\BOOKMARK [3][-]{subsubsection.4.2.4}{\376\377\000A\000c\000c\000\350\000s\000\040\000a\000u\000x\000\040\000M\000e\000m\000b\000r\000e\000s}{subsection.4.2}% 72
\BOOKMARK [3][-]{subsubsection.4.2.5}{\376\377\000L\000i\000m\000i\000t\000e\000s\000\040\000d\000e\000s\000\040\000U\000n\000i\000o\000n\000s}{subsection.4.2}% 73
\BOOKMARK [2][-]{subsection.4.3}{\376\377\000A\000l\000i\000g\000n\000e\000m\000e\000n\000t\000s\000\040\000d\000e\000s\000\040\000D\000o\000n\000n\000\351\000e\000s\000\040\000/\000\040\000P\000a\000d\000d\000i\000n\000g}{section.4}% 74
\BOOKMARK [3][-]{subsubsection.4.3.1}{\376\377\000S\000c\000\351\000n\000a\000r\000i\000o\000\040\000A\000l\000t\000e\000r\000n\000a\000t\000i\000f}{subsection.4.3}% 75
\BOOKMARK [3][-]{subsubsection.4.3.2}{\376\377\000P\000r\000o\000b\000l\000\350\000m\000e\000\040\000d\000e\000\040\000S\000\351\000r\000i\000a\000l\000i\000s\000a\000t\000i\000o\000n}{subsection.4.3}% 76
\BOOKMARK [1][-]{section.5}{\376\377\000E\000n\000t\000r\000\351\000e\000s\000/\000S\000o\000r\000t\000i\000e\000s\000\040\000:\000\040\000F\000o\000n\000c\000t\000i\000o\000n\000s\000\040\000p\000r\000i\000n\000t\000f\000,\000\040\000s\000c\000a\000n\000f\000\040\000e\000t\000\040\000l\000a\000\040\000b\000i\000b\000l\000i\000o\000t\000h\000\350\000q\000u\000e\000\040\000s\000t\000r\000i\000n\000g\000.\000h}{}% 77
\BOOKMARK [2][-]{subsection.5.1}{\376\377\000I\000n\000t\000r\000o\000d\000u\000c\000t\000i\000o\000n\000\040\000\340\000\040\000s\000t\000d\000i\000o\000.\000h}{section.5}% 78
\BOOKMARK [2][-]{subsection.5.2}{\376\377\000L\000a\000\040\000f\000o\000n\000c\000t\000i\000o\000n\000\040\000p\000r\000i\000n\000t\000f}{section.5}% 79
\BOOKMARK [2][-]{subsection.5.3}{\376\377\000L\000a\000\040\000f\000o\000n\000c\000t\000i\000o\000n\000\040\000s\000c\000a\000n\000f}{section.5}% 80
\BOOKMARK [2][-]{subsection.5.4}{\376\377\000L\000a\000\040\000b\000i\000b\000l\000i\000o\000t\000h\000\350\000q\000u\000e\000\040\000s\000t\000r\000i\000n\000g\000.\000h}{section.5}% 81
